<?xml version="1.0" encoding="UTF-8" ?>
<testsuite failures="0" time="33.371" errors="0" skipped="0" tests="58" name="TestSuite">
  <properties>
    <property name="java.runtime.name" value="OpenJDK Runtime Environment"/>
    <property name="sun.boot.library.path" value="/usr/lib/jvm/java-7-openjdk-amd64/jre/lib/amd64"/>
    <property name="java.vm.version" value="24.51-b03"/>
    <property name="java.vm.vendor" value="Oracle Corporation"/>
    <property name="java.vendor.url" value="http://java.oracle.com/"/>
    <property name="path.separator" value=":"/>
    <property name="guice.disable.misplaced.annotation.check" value="true"/>
    <property name="java.vm.name" value="OpenJDK 64-Bit Server VM"/>
    <property name="file.encoding.pkg" value="sun.io"/>
    <property name="user.country" value="US"/>
    <property name="sun.java.launcher" value="SUN_STANDARD"/>
    <property name="sun.os.patch.level" value="unknown"/>
    <property name="java.vm.specification.name" value="Java Virtual Machine Specification"/>
    <property name="user.dir" value="/home/udeesha/codebase/wso2/connectors/esb-connectors/evernote"/>
    <property name="java.runtime.version" value="1.7.0_55-b14"/>
    <property name="java.awt.graphicsenv" value="sun.awt.X11GraphicsEnvironment"/>
    <property name="java.endorsed.dirs" value="/usr/lib/jvm/java-7-openjdk-amd64/jre/lib/endorsed"/>
    <property name="os.arch" value="amd64"/>
    <property name="java.io.tmpdir" value="/tmp"/>
    <property name="line.separator" value="
"/>
    <property name="java.vm.specification.vendor" value="Oracle Corporation"/>
    <property name="os.name" value="Linux"/>
    <property name="classworlds.conf" value="/usr/share/maven/bin/m2.conf"/>
    <property name="sun.jnu.encoding" value="UTF-8"/>
    <property name="java.library.path" value="/usr/java/packages/lib/amd64:/usr/lib/x86_64-linux-gnu/jni:/lib/x86_64-linux-gnu:/usr/lib/x86_64-linux-gnu:/usr/lib/jni:/lib:/usr/lib"/>
    <property name="java.specification.name" value="Java Platform API Specification"/>
    <property name="java.class.version" value="51.0"/>
    <property name="sun.management.compiler" value="HotSpot 64-Bit Tiered Compilers"/>
    <property name="os.version" value="3.11.0-20-generic"/>
    <property name="user.home" value="/home/udeesha"/>
    <property name="user.timezone" value="Asia/Colombo"/>
    <property name="java.awt.printerjob" value="sun.print.PSPrinterJob"/>
    <property name="file.encoding" value="UTF-8"/>
    <property name="java.specification.version" value="1.7"/>
    <property name="user.name" value="udeesha"/>
    <property name="java.class.path" value="/usr/share/maven/boot/plexus-classworlds-2.x.jar"/>
    <property name="java.vm.specification.version" value="1.7"/>
    <property name="sun.arch.data.model" value="64"/>
    <property name="java.home" value="/usr/lib/jvm/java-7-openjdk-amd64/jre"/>
    <property name="sun.java.command" value="org.codehaus.plexus.classworlds.launcher.Launcher clean install"/>
    <property name="java.specification.vendor" value="Oracle Corporation"/>
    <property name="user.language" value="en"/>
    <property name="awt.toolkit" value="sun.awt.X11.XToolkit"/>
    <property name="java.vm.info" value="mixed mode"/>
    <property name="java.version" value="1.7.0_55"/>
    <property name="java.ext.dirs" value="/usr/lib/jvm/java-7-openjdk-amd64/jre/lib/ext:/usr/java/packages/lib/ext"/>
    <property name="securerandom.source" value="file:/dev/./urandom"/>
    <property name="sun.boot.class.path" value="/usr/lib/jvm/java-7-openjdk-amd64/jre/lib/resources.jar:/usr/lib/jvm/java-7-openjdk-amd64/jre/lib/rt.jar:/usr/lib/jvm/java-7-openjdk-amd64/jre/lib/sunrsasign.jar:/usr/lib/jvm/java-7-openjdk-amd64/jre/lib/jsse.jar:/usr/lib/jvm/java-7-openjdk-amd64/jre/lib/jce.jar:/usr/lib/jvm/java-7-openjdk-amd64/jre/lib/charsets.jar:/usr/lib/jvm/java-7-openjdk-amd64/jre/lib/netx.jar:/usr/lib/jvm/java-7-openjdk-amd64/jre/lib/plugin.jar:/usr/lib/jvm/java-7-openjdk-amd64/jre/lib/rhino.jar:/usr/lib/jvm/java-7-openjdk-amd64/jre/lib/jfr.jar:/usr/lib/jvm/java-7-openjdk-amd64/jre/classes"/>
    <property name="java.vendor" value="Oracle Corporation"/>
    <property name="maven.home" value="/usr/share/maven"/>
    <property name="file.separator" value="/"/>
    <property name="java.vendor.url.bug" value="http://bugreport.sun.com/bugreport/"/>
    <property name="sun.cpu.endian" value="little"/>
    <property name="sun.io.unicode.encoding" value="UnicodeLittle"/>
    <property name="sun.cpu.isalist" value=""/>
  </properties>
  <testcase time="1.314" classname="org.wso2.carbon.connector.integration.test.evernote.EvernoteConnectorIntegrationTest" name="testCreateTagMandatoryParams"/>
  <testcase time="0.467" classname="org.wso2.carbon.connector.integration.test.evernote.EvernoteConnectorIntegrationTest" name="testCreateNoteMandatoryParams"/>
  <testcase time="7.801" classname="org.wso2.carbon.connector.integration.test.evernote.EvernoteConnectorIntegrationTest" name="testCreateNoteOptionalParams"/>
  <testcase time="0.341" classname="org.wso2.carbon.connector.integration.test.evernote.EvernoteConnectorIntegrationTest" name="testCreateNotebookMandatoryParams"/>
  <testcase time="0.316" classname="org.wso2.carbon.connector.integration.test.evernote.EvernoteConnectorIntegrationTest" name="testCreateNotebookOptionalParams"/>
  <testcase time="0.309" classname="org.wso2.carbon.connector.integration.test.evernote.EvernoteConnectorIntegrationTest" name="testCreateSearchMandatoryParams"/>
  <testcase time="0.324" classname="org.wso2.carbon.connector.integration.test.evernote.EvernoteConnectorIntegrationTest" name="testCreateTagOptionalParams"/>
  <testcase time="0.55" classname="org.wso2.carbon.connector.integration.test.evernote.EvernoteConnectorIntegrationTest" name="testUpdateTagMandatoryParams"/>
  <testcase time="0.334" classname="org.wso2.carbon.connector.integration.test.evernote.EvernoteConnectorIntegrationTest" name="testCreateSearchOptionalParams"/>
  <testcase time="0.324" classname="org.wso2.carbon.connector.integration.test.evernote.EvernoteConnectorIntegrationTest" name="testCreateSharedNotebookMandatoryParams"/>
  <testcase time="0.326" classname="org.wso2.carbon.connector.integration.test.evernote.EvernoteConnectorIntegrationTest" name="testFindNotesMetaDataMandatoryParams"/>
  <testcase time="0.305" classname="org.wso2.carbon.connector.integration.test.evernote.EvernoteConnectorIntegrationTest" name="testGetNoteMandatoryParams"/>
  <testcase time="0.305" classname="org.wso2.carbon.connector.integration.test.evernote.EvernoteConnectorIntegrationTest" name="testGetNoteNegativeParams"/>
  <testcase time="0.293" classname="org.wso2.carbon.connector.integration.test.evernote.EvernoteConnectorIntegrationTest" name="testGetNotebookMandatoryParams"/>
  <testcase time="0.282" classname="org.wso2.carbon.connector.integration.test.evernote.EvernoteConnectorIntegrationTest" name="testGetNotebookNegativeParams"/>
  <testcase time="0.301" classname="org.wso2.carbon.connector.integration.test.evernote.EvernoteConnectorIntegrationTest" name="testGetSearchMandatoryParams"/>
  <testcase time="0.286" classname="org.wso2.carbon.connector.integration.test.evernote.EvernoteConnectorIntegrationTest" name="testGetTagMandatoryParams"/>
  <testcase time="0.296" classname="org.wso2.carbon.connector.integration.test.evernote.EvernoteConnectorIntegrationTest" name="testGetTagNegativeParams"/>
  <testcase time="0.288" classname="org.wso2.carbon.connector.integration.test.evernote.EvernoteConnectorIntegrationTest" name="testListNotebooksMandatoryParams"/>
  <testcase time="0.317" classname="org.wso2.carbon.connector.integration.test.evernote.EvernoteConnectorIntegrationTest" name="testListTagsMandatoryParams"/>
  <testcase time="0.388" classname="org.wso2.carbon.connector.integration.test.evernote.EvernoteConnectorIntegrationTest" name="testShareNoteMandatoryParams"/>
  <testcase time="0.285" classname="org.wso2.carbon.connector.integration.test.evernote.EvernoteConnectorIntegrationTest" name="testShareNoteNegativeParams"/>
  <testcase time="0.305" classname="org.wso2.carbon.connector.integration.test.evernote.EvernoteConnectorIntegrationTest" name="testUntagAllMandatoryParams"/>
  <testcase time="0.536" classname="org.wso2.carbon.connector.integration.test.evernote.EvernoteConnectorIntegrationTest" name="testUpdateNotebookMandatoryParams"/>
  <testcase time="0.536" classname="org.wso2.carbon.connector.integration.test.evernote.EvernoteConnectorIntegrationTest" name="testUpdateNotebookOptionalParams"/>
  <testcase time="0.524" classname="org.wso2.carbon.connector.integration.test.evernote.EvernoteConnectorIntegrationTest" name="testUpdateSearchMandatoryParams"/>
  <testcase time="0.342" classname="org.wso2.carbon.connector.integration.test.evernote.EvernoteConnectorIntegrationTest" name="testUpdateSharedNotebookMandatoryParams"/>
  <testcase time="0.285" classname="org.wso2.carbon.connector.integration.test.evernote.EvernoteConnectorIntegrationTest" name="testUpdateSharedNotebookNegativeParams"/>
  <testcase time="0.28" classname="org.wso2.carbon.connector.integration.test.evernote.EvernoteConnectorIntegrationTest" name="testunTagAllNegativeParams"/>
  <testcase time="0.521" classname="org.wso2.carbon.connector.integration.test.evernote.EvernoteConnectorIntegrationTest" name="testupdateTagOptionalParams"/>
  <testcase time="0.286" classname="org.wso2.carbon.connector.integration.test.evernote.EvernoteConnectorIntegrationTest" name="getSearchNegativeParams"/>
  <testcase time="0.283" classname="org.wso2.carbon.connector.integration.test.evernote.EvernoteConnectorIntegrationTest" name="testCreateNoteNegativeParams"/>
  <testcase time="0.057" classname="org.wso2.carbon.connector.integration.test.evernote.EvernoteConnectorIntegrationTest" name="testCreateNotebookNegativeParams"/>
  <testcase time="0.282" classname="org.wso2.carbon.connector.integration.test.evernote.EvernoteConnectorIntegrationTest" name="testCreateSearchNegativeParams"/>
  <testcase time="0.291" classname="org.wso2.carbon.connector.integration.test.evernote.EvernoteConnectorIntegrationTest" name="testCreateSharedNotebookNegativeParams"/>
  <testcase time="0.286" classname="org.wso2.carbon.connector.integration.test.evernote.EvernoteConnectorIntegrationTest" name="testCreateTagNegativeParams"/>
  <testcase time="0.065" classname="org.wso2.carbon.connector.integration.test.evernote.EvernoteConnectorIntegrationTest" name="testFindNotesMetaDataNegativeParams"/>
  <testcase time="0.337" classname="org.wso2.carbon.connector.integration.test.evernote.EvernoteConnectorIntegrationTest" name="testFindNotesMetaDataOptionalParams"/>
  <testcase time="0.287" classname="org.wso2.carbon.connector.integration.test.evernote.EvernoteConnectorIntegrationTest" name="testListNotebooksNegativeParams"/>
  <testcase time="0.403" classname="org.wso2.carbon.connector.integration.test.evernote.EvernoteConnectorIntegrationTest" name="testStopSharingNoteMandatoryParams"/>
  <testcase time="0.296" classname="org.wso2.carbon.connector.integration.test.evernote.EvernoteConnectorIntegrationTest" name="testStopSharingNoteNegativeParams"/>
  <testcase time="0.611" classname="org.wso2.carbon.connector.integration.test.evernote.EvernoteConnectorIntegrationTest" name="testUpdateNoteMandatoryParams"/>
  <testcase time="5.565" classname="org.wso2.carbon.connector.integration.test.evernote.EvernoteConnectorIntegrationTest" name="testUpdateNoteOptionalParams"/>
  <testcase time="0.53" classname="org.wso2.carbon.connector.integration.test.evernote.EvernoteConnectorIntegrationTest" name="testUpdateNotebookNegativeParams"/>
  <testcase time="0.304" classname="org.wso2.carbon.connector.integration.test.evernote.EvernoteConnectorIntegrationTest" name="testUpdateSearchNegativeParams"/>
  <testcase time="0.519" classname="org.wso2.carbon.connector.integration.test.evernote.EvernoteConnectorIntegrationTest" name="testUpdateSearchOptionalParams"/>
  <testcase time="0.517" classname="org.wso2.carbon.connector.integration.test.evernote.EvernoteConnectorIntegrationTest" name="testupdateTagNegativeParams"/>
  <testcase time="0.383" classname="org.wso2.carbon.connector.integration.test.evernote.EvernoteConnectorIntegrationTest" name="testDeleteNoteMandatoryParams"/>
  <testcase time="0.304" classname="org.wso2.carbon.connector.integration.test.evernote.EvernoteConnectorIntegrationTest" name="testExpungeNotebookMandatoryParams"/>
  <testcase time="0.288" classname="org.wso2.carbon.connector.integration.test.evernote.EvernoteConnectorIntegrationTest" name="testExpungeNotebookNegativeParams"/>
  <testcase time="0.295" classname="org.wso2.carbon.connector.integration.test.evernote.EvernoteConnectorIntegrationTest" name="testExpungeSearchMandatoryParams"/>
  <testcase time="0.349" classname="org.wso2.carbon.connector.integration.test.evernote.EvernoteConnectorIntegrationTest" name="testExpungeSearchNegativeParams"/>
  <testcase time="0.297" classname="org.wso2.carbon.connector.integration.test.evernote.EvernoteConnectorIntegrationTest" name="testExpungeTagMandatoryParams"/>
  <testcase time="0.297" classname="org.wso2.carbon.connector.integration.test.evernote.EvernoteConnectorIntegrationTest" name="testExpungeTagNegativeParams"/>
  <testcase time="0.276" classname="org.wso2.carbon.connector.integration.test.evernote.EvernoteConnectorIntegrationTest" name="testUpdateNoteNegativeParams"/>
  <testcase time="0.309" classname="org.wso2.carbon.connector.integration.test.evernote.EvernoteConnectorIntegrationTest" name="testDeleteNoteNegativeParams"/>
  <testcase time="0.294" classname="org.wso2.carbon.connector.integration.test.evernote.EvernoteConnectorIntegrationTest" name="testExpungeNoteMandatoryParams"/>
  <testcase time="0.279" classname="org.wso2.carbon.connector.integration.test.evernote.EvernoteConnectorIntegrationTest" name="testExpungeNoteNegativeParams"/>
</testsuite>