<?xml version="1.0" encoding="UTF-8"?>
<!-- Generated by org.testng.reporters.JUnitReportReporter -->
<testsuite hostname="jarachanthan-Tecra-M11" name="org.wso2.carbon.connector.integration.test.yelp.YelpConnectorIntegrationTest" tests="73" failures="1" timestamp="3 Jul 2014 04:42:26 GMT" time="196.805" errors="1">
  <testcase name="testYelpBusinessWithOptionalParameters" time="2.058" classname="org.wso2.carbon.connector.integration.test.yelp.YelpConnectorIntegrationTest"/>
  <testcase name="testYelpSearchByBoundingBoxWithSortOptionalParameters" time="1.192" classname="org.wso2.carbon.connector.integration.test.yelp.YelpConnectorIntegrationTest"/>
  <testcase name="testYelpSearchByBoundingBoxWithMandatoryParameters" time="1.449" classname="org.wso2.carbon.connector.integration.test.yelp.YelpConnectorIntegrationTest"/>
  <testcase name="testYelpSearchByLocationWithLanguageOptionalParametersNegativeCase" time="8.169" classname="org.wso2.carbon.connector.integration.test.yelp.YelpConnectorIntegrationTest"/>
  <testcase name="testYelpSearchByLocationWithLimitOptionalParameters" time="1.686" classname="org.wso2.carbon.connector.integration.test.yelp.YelpConnectorIntegrationTest"/>
  <testcase name="testYelpSearchByBoundingBoxWithDealsFilterOptionalParameters" time="3.139" classname="org.wso2.carbon.connector.integration.test.yelp.YelpConnectorIntegrationTest"/>
  <testcase name="testYelpSearchByGeographicLocationWithCategoryFilterOptionalParametersNegativeCase" time="0.620" classname="org.wso2.carbon.connector.integration.test.yelp.YelpConnectorIntegrationTest"/>
  <testcase name="testYelpSearchByGeographicLocationWithMandatoryParameters" time="2.378" classname="org.wso2.carbon.connector.integration.test.yelp.YelpConnectorIntegrationTest"/>
  <testcase name="testYelpSearchByLocationWithCategoryFilterOptionalParametersNegativeCase" time="0.623" classname="org.wso2.carbon.connector.integration.test.yelp.YelpConnectorIntegrationTest"/>
  <testcase name="testYelpSearchByBoundingBoxWithLanguageOptionalParameters" time="1.343" classname="org.wso2.carbon.connector.integration.test.yelp.YelpConnectorIntegrationTest"/>
  <testcase name="testYelpSearchByLocationWithLanguageOptionalParameters" time="1.329" classname="org.wso2.carbon.connector.integration.test.yelp.YelpConnectorIntegrationTest"/>
  <testcase name="testYelpSearchByGeographicLocationWithTermOptionalParameters" time="1.073" classname="org.wso2.carbon.connector.integration.test.yelp.YelpConnectorIntegrationTest"/>
  <testcase name="testYelpSearchByLocationWithDealsFilterOptionalParameters" time="2.334" classname="org.wso2.carbon.connector.integration.test.yelp.YelpConnectorIntegrationTest"/>
  <testcase name="testYelpSearchByLocationWithTermOptionalParametersNegativeCase" time="0.832" classname="org.wso2.carbon.connector.integration.test.yelp.YelpConnectorIntegrationTest"/>
  <testcase name="testYelpSearchByGeographicLocationWithRadiusFilterOptionalParametersNegativeCase" time="0.639" classname="org.wso2.carbon.connector.integration.test.yelp.YelpConnectorIntegrationTest"/>
  <testcase name="testYelpSearchByGeographicLocationWithLanguageOptionalParameters" time="2.529" classname="org.wso2.carbon.connector.integration.test.yelp.YelpConnectorIntegrationTest"/>
  <testcase name="testYelpSearchByGeographicLocationWithCountryCodeOptionalParameters" time="2.128" classname="org.wso2.carbon.connector.integration.test.yelp.YelpConnectorIntegrationTest"/>
  <testcase name="testYelpSearchByGeographicLocationWithCountryCodeOptionalParametersNegativeCase" time="2.151" classname="org.wso2.carbon.connector.integration.test.yelp.YelpConnectorIntegrationTest"/>
  <testcase name="testYelpSearchByGeographicLocationWithDealsFilterOptionalParameters" time="2.967" classname="org.wso2.carbon.connector.integration.test.yelp.YelpConnectorIntegrationTest"/>
  <testcase name="testYelpBusinessWithMandatoryParameters" time="19.014" classname="org.wso2.carbon.connector.integration.test.yelp.YelpConnectorIntegrationTest"/>
  <testcase name="testYelpBusinessWithLanguageOptionalParametersNegativeCase" time="19.678" classname="org.wso2.carbon.connector.integration.test.yelp.YelpConnectorIntegrationTest"/>
  <testcase name="testYelpSearchByBoundingBoxWithCountryCodeOptionalParametersNegativeCase" time="1.873" classname="org.wso2.carbon.connector.integration.test.yelp.YelpConnectorIntegrationTest"/>
  <testcase name="testYelpSearchByBoundingBoxWithRadiusFilterOptionalParameters" time="1.209" classname="org.wso2.carbon.connector.integration.test.yelp.YelpConnectorIntegrationTest"/>
  <testcase name="testYelpBusinessWithMandatoryParametersNegativeCase" time="0.638" classname="org.wso2.carbon.connector.integration.test.yelp.YelpConnectorIntegrationTest">
    <error type="java.lang.AssertionError" message="expected:&lt;200&gt; but was:&lt;403&gt;">
      <![CDATA[java.lang.AssertionError: expected:<200> but was:<403>
	at org.testng.Assert.fail(Assert.java:89)
	at org.testng.Assert.failNotEquals(Assert.java:489)
	at org.testng.Assert.assertEquals(Assert.java:118)
	at org.testng.Assert.assertEquals(Assert.java:365)
	at org.testng.Assert.assertEquals(Assert.java:375)
	at org.wso2.carbon.connector.integration.test.yelp.YelpConnectorIntegrationTest.testYelpBusinessWithMandatoryParametersNegativeCase(YelpConnectorIntegrationTest.java:1992)
	at sun.reflect.NativeMethodAccessorImpl.invoke0(Native Method)
	at sun.reflect.NativeMethodAccessorImpl.invoke(NativeMethodAccessorImpl.java:57)
	at sun.reflect.DelegatingMethodAccessorImpl.invoke(DelegatingMethodAccessorImpl.java:43)
	at java.lang.reflect.Method.invoke(Method.java:606)
	at org.testng.internal.MethodInvocationHelper.invokeMethod(MethodInvocationHelper.java:80)
	at org.testng.internal.Invoker.invokeMethod(Invoker.java:673)
	at org.testng.internal.Invoker.invokeTestMethod(Invoker.java:842)
	at org.testng.internal.Invoker.invokeTestMethods(Invoker.java:1166)
	at org.testng.internal.TestMethodWorker.invokeTestMethods(TestMethodWorker.java:125)
	at org.testng.internal.TestMethodWorker.run(TestMethodWorker.java:109)
	at org.testng.TestRunner.runWorkers(TestRunner.java:1178)
	at org.testng.TestRunner.privateRun(TestRunner.java:757)
	at org.testng.TestRunner.run(TestRunner.java:608)
	at org.testng.SuiteRunner.runTest(SuiteRunner.java:334)
	at org.testng.SuiteRunner.runSequentially(SuiteRunner.java:329)
	at org.testng.SuiteRunner.privateRun(SuiteRunner.java:291)
	at org.testng.SuiteRunner.run(SuiteRunner.java:240)
	at org.testng.SuiteRunnerWorker.runSuite(SuiteRunnerWorker.java:52)
	at org.testng.SuiteRunnerWorker.run(SuiteRunnerWorker.java:86)
	at org.testng.TestNG.runSuitesSequentially(TestNG.java:1158)
	at org.testng.TestNG.runSuitesLocally(TestNG.java:1083)
	at org.testng.TestNG.run(TestNG.java:999)
	at org.apache.maven.surefire.testng.TestNGExecutor.run(TestNGExecutor.java:178)
	at org.apache.maven.surefire.testng.TestNGXmlTestSuite.execute(TestNGXmlTestSuite.java:92)
	at org.apache.maven.surefire.testng.TestNGProvider.invoke(TestNGProvider.java:96)
	at sun.reflect.NativeMethodAccessorImpl.invoke0(Native Method)
	at sun.reflect.NativeMethodAccessorImpl.invoke(NativeMethodAccessorImpl.java:57)
	at sun.reflect.DelegatingMethodAccessorImpl.invoke(DelegatingMethodAccessorImpl.java:43)
	at java.lang.reflect.Method.invoke(Method.java:606)
	at org.apache.maven.surefire.util.ReflectionUtils.invokeMethodWithArray(ReflectionUtils.java:189)
	at org.apache.maven.surefire.booter.ProviderFactory$ProviderProxy.invoke(ProviderFactory.java:165)
	at org.apache.maven.surefire.booter.ProviderFactory.invokeProvider(ProviderFactory.java:85)
	at org.apache.maven.surefire.booter.ForkedBooter.runSuitesInProcess(ForkedBooter.java:115)
	at org.apache.maven.surefire.booter.ForkedBooter.main(ForkedBooter.java:75)
]]>
    </error>
  </testcase>
  <testcase name="testYelpSearchByBoundingBoxWithCategoryFilterOptionalParametersNegativeCase" time="0.629" classname="org.wso2.carbon.connector.integration.test.yelp.YelpConnectorIntegrationTest"/>
  <testcase name="testYelpBusinessWithLanguageOptionalParameters" time="15.705" classname="org.wso2.carbon.connector.integration.test.yelp.YelpConnectorIntegrationTest">
    <failure type="org.json.JSONException" message="JSONObject[&quot;location&quot;] not found.">
      <![CDATA[org.json.JSONException: JSONObject["location"] not found.
	at org.json.JSONObject.get(JSONObject.java:498)
	at org.json.JSONObject.getJSONObject(JSONObject.java:592)
	at org.wso2.carbon.connector.integration.test.yelp.YelpConnectorIntegrationTest.testYelpBusinessWithLanguageOptionalParameters(YelpConnectorIntegrationTest.java:1912)
	at sun.reflect.NativeMethodAccessorImpl.invoke0(Native Method)
	at sun.reflect.NativeMethodAccessorImpl.invoke(NativeMethodAccessorImpl.java:57)
	at sun.reflect.DelegatingMethodAccessorImpl.invoke(DelegatingMethodAccessorImpl.java:43)
	at java.lang.reflect.Method.invoke(Method.java:606)
	at org.testng.internal.MethodInvocationHelper.invokeMethod(MethodInvocationHelper.java:80)
	at org.testng.internal.Invoker.invokeMethod(Invoker.java:673)
	at org.testng.internal.Invoker.invokeTestMethod(Invoker.java:842)
	at org.testng.internal.Invoker.invokeTestMethods(Invoker.java:1166)
	at org.testng.internal.TestMethodWorker.invokeTestMethods(TestMethodWorker.java:125)
	at org.testng.internal.TestMethodWorker.run(TestMethodWorker.java:109)
	at org.testng.TestRunner.runWorkers(TestRunner.java:1178)
	at org.testng.TestRunner.privateRun(TestRunner.java:757)
	at org.testng.TestRunner.run(TestRunner.java:608)
	at org.testng.SuiteRunner.runTest(SuiteRunner.java:334)
	at org.testng.SuiteRunner.runSequentially(SuiteRunner.java:329)
	at org.testng.SuiteRunner.privateRun(SuiteRunner.java:291)
	at org.testng.SuiteRunner.run(SuiteRunner.java:240)
	at org.testng.SuiteRunnerWorker.runSuite(SuiteRunnerWorker.java:52)
	at org.testng.SuiteRunnerWorker.run(SuiteRunnerWorker.java:86)
	at org.testng.TestNG.runSuitesSequentially(TestNG.java:1158)
	at org.testng.TestNG.runSuitesLocally(TestNG.java:1083)
	at org.testng.TestNG.run(TestNG.java:999)
	at org.apache.maven.surefire.testng.TestNGExecutor.run(TestNGExecutor.java:178)
	at org.apache.maven.surefire.testng.TestNGXmlTestSuite.execute(TestNGXmlTestSuite.java:92)
	at org.apache.maven.surefire.testng.TestNGProvider.invoke(TestNGProvider.java:96)
	at sun.reflect.NativeMethodAccessorImpl.invoke0(Native Method)
	at sun.reflect.NativeMethodAccessorImpl.invoke(NativeMethodAccessorImpl.java:57)
	at sun.reflect.DelegatingMethodAccessorImpl.invoke(DelegatingMethodAccessorImpl.java:43)
	at java.lang.reflect.Method.invoke(Method.java:606)
	at org.apache.maven.surefire.util.ReflectionUtils.invokeMethodWithArray(ReflectionUtils.java:189)
	at org.apache.maven.surefire.booter.ProviderFactory$ProviderProxy.invoke(ProviderFactory.java:165)
	at org.apache.maven.surefire.booter.ProviderFactory.invokeProvider(ProviderFactory.java:85)
	at org.apache.maven.surefire.booter.ForkedBooter.runSuitesInProcess(ForkedBooter.java:115)
	at org.apache.maven.surefire.booter.ForkedBooter.main(ForkedBooter.java:75)
]]>
    </failure>
  </testcase>
  <testcase name="testYelpSearchByGeographicLocationWithMandatoryParametersNegativeCase" time="0.665" classname="org.wso2.carbon.connector.integration.test.yelp.YelpConnectorIntegrationTest"/>
  <testcase name="testYelpSearchByGeographicLocationWithSortOptionalParameters" time="2.397" classname="org.wso2.carbon.connector.integration.test.yelp.YelpConnectorIntegrationTest"/>
  <testcase name="testYelpSearchByGeographicLocationWithSortOptionalParametersNegativeCase" time="0.625" classname="org.wso2.carbon.connector.integration.test.yelp.YelpConnectorIntegrationTest"/>
  <testcase name="testYelpSearchByGeographicLocationWithLanguageOptionalParametersNegativeCase" time="2.195" classname="org.wso2.carbon.connector.integration.test.yelp.YelpConnectorIntegrationTest"/>
  <testcase name="testYelpSearchByLocationWithOffsetOptionalParametersNegativeCase" time="0.620" classname="org.wso2.carbon.connector.integration.test.yelp.YelpConnectorIntegrationTest"/>
  <testcase name="testYelpSearchByLocationWithTermOptionalParameters" time="1.903" classname="org.wso2.carbon.connector.integration.test.yelp.YelpConnectorIntegrationTest"/>
  <testcase name="testYelpSearchByGeographicLocationWithRadiusFilterOptionalParameters" time="2.572" classname="org.wso2.carbon.connector.integration.test.yelp.YelpConnectorIntegrationTest"/>
  <testcase name="testYelpSearchByBoundingBoxWithLimitOptionalParameters" time="0.850" classname="org.wso2.carbon.connector.integration.test.yelp.YelpConnectorIntegrationTest"/>
  <testcase name="testYelpSearchByGeographicLocationWithOffsetOptionalParametersNegativeCase" time="0.630" classname="org.wso2.carbon.connector.integration.test.yelp.YelpConnectorIntegrationTest"/>
  <testcase name="testYelpSearchByLocationWithRadiusFilterOptionalParameters" time="2.762" classname="org.wso2.carbon.connector.integration.test.yelp.YelpConnectorIntegrationTest"/>
  <testcase name="testYelpBusinessWithCountryCodeOptionalParametersNegativeCase" time="17.819" classname="org.wso2.carbon.connector.integration.test.yelp.YelpConnectorIntegrationTest"/>
  <testcase name="testYelpSearchByBoundingBoxWithOffsetOptionalParametersNegativeCase" time="0.647" classname="org.wso2.carbon.connector.integration.test.yelp.YelpConnectorIntegrationTest"/>
  <testcase name="testYelpSearchByGeographicLocationWithTermOptionalParametersNegativeCase" time="0.890" classname="org.wso2.carbon.connector.integration.test.yelp.YelpConnectorIntegrationTest"/>
  <testcase name="testYelpSearchByBoundingBoxWithRadiusFilterOptionalParametersNegativeCase" time="0.640" classname="org.wso2.carbon.connector.integration.test.yelp.YelpConnectorIntegrationTest"/>
  <testcase name="testYelpBusinessWithOptionalParametersNegativeCase" time="0.832" classname="org.wso2.carbon.connector.integration.test.yelp.YelpConnectorIntegrationTest"/>
  <testcase name="testYelpBusinessWithCountryCodeOptionalParameters" time="16.257" classname="org.wso2.carbon.connector.integration.test.yelp.YelpConnectorIntegrationTest"/>
  <testcase name="testYelpSearchByLocationWithCategoryFilterOptionalParameters" time="0.789" classname="org.wso2.carbon.connector.integration.test.yelp.YelpConnectorIntegrationTest"/>
  <testcase name="testYelpSearchByBoundingBoxWithCountryCodeOptionalParameters" time="2.441" classname="org.wso2.carbon.connector.integration.test.yelp.YelpConnectorIntegrationTest"/>
  <testcase name="testYelpSearchByLocationWithRadiusFilterOptionalParametersNegativeCase" time="0.622" classname="org.wso2.carbon.connector.integration.test.yelp.YelpConnectorIntegrationTest"/>
  <testcase name="testYelpSearchByLocationWithOffsetOptionalParameters" time="4.983" classname="org.wso2.carbon.connector.integration.test.yelp.YelpConnectorIntegrationTest"/>
  <testcase name="testYelpSearchByGeographicLocationWithLimitOptionalParametersNegativeCase" time="0.637" classname="org.wso2.carbon.connector.integration.test.yelp.YelpConnectorIntegrationTest"/>
  <testcase name="testYelpSearchByLocationWithLimitOptionalParametersNegativeCase" time="0.640" classname="org.wso2.carbon.connector.integration.test.yelp.YelpConnectorIntegrationTest"/>
  <testcase name="testYelpSearchByLocationWithMandatoryParametersNegativeCase" time="0.667" classname="org.wso2.carbon.connector.integration.test.yelp.YelpConnectorIntegrationTest"/>
  <testcase name="testYelpSearchByBoundingBoxWithTermOptionalParameters" time="0.855" classname="org.wso2.carbon.connector.integration.test.yelp.YelpConnectorIntegrationTest"/>
  <testcase name="testYelpSearchByBoundingBoxWithCategoryFilterOptionalParameters" time="0.793" classname="org.wso2.carbon.connector.integration.test.yelp.YelpConnectorIntegrationTest"/>
  <testcase name="testYelpSearchByGeographicLocationWithMandatoryOptionalParametersNegativeCase" time="2.672" classname="org.wso2.carbon.connector.integration.test.yelp.YelpConnectorIntegrationTest"/>
  <testcase name="testYelpSearchByBoundingBoxWithSortOptionalParametersNegativeCase" time="0.626" classname="org.wso2.carbon.connector.integration.test.yelp.YelpConnectorIntegrationTest"/>
  <testcase name="testYelpBusinessWithLangFilterOptionalParametersNegativeCase" time="0.808" classname="org.wso2.carbon.connector.integration.test.yelp.YelpConnectorIntegrationTest"/>
  <testcase name="testYelpSearchByLocationWithMandatoryParameters" time="2.398" classname="org.wso2.carbon.connector.integration.test.yelp.YelpConnectorIntegrationTest"/>
  <testcase name="testYelpSearchByBoundingBoxWithLimitOptionalParametersNegativeCase" time="0.643" classname="org.wso2.carbon.connector.integration.test.yelp.YelpConnectorIntegrationTest"/>
  <testcase name="testYelpSearchByLocationWithCountryCodeOptionalParametersNegativeCase" time="1.611" classname="org.wso2.carbon.connector.integration.test.yelp.YelpConnectorIntegrationTest"/>
  <testcase name="testYelpSearchByLocationWithCountryCodeOptionalParameters" time="1.628" classname="org.wso2.carbon.connector.integration.test.yelp.YelpConnectorIntegrationTest"/>
  <testcase name="testYelpSearchByLocationWithSortOptionalParametersNegativeCase" time="0.620" classname="org.wso2.carbon.connector.integration.test.yelp.YelpConnectorIntegrationTest"/>
  <testcase name="testYelpSearchByBoundingBoxWithLanguageOptionalParametersNegativeCase" time="1.264" classname="org.wso2.carbon.connector.integration.test.yelp.YelpConnectorIntegrationTest"/>
  <testcase name="testYelpSearchByBoundingBoxWithTermOptionalParametersNegativeCase" time="0.756" classname="org.wso2.carbon.connector.integration.test.yelp.YelpConnectorIntegrationTest"/>
  <testcase name="testYelpSearchByGeographicLocationWithLimitOptionalParameters" time="0.849" classname="org.wso2.carbon.connector.integration.test.yelp.YelpConnectorIntegrationTest"/>
  <testcase name="testYelpSearchByGeographicLocationWithCategoryFilterOptionalParameters" time="0.746" classname="org.wso2.carbon.connector.integration.test.yelp.YelpConnectorIntegrationTest"/>
  <testcase name="testYelpSearchByGeographicLocationWithMandatoryOptionalParameters" time="3.565" classname="org.wso2.carbon.connector.integration.test.yelp.YelpConnectorIntegrationTest"/>
  <testcase name="testYelpSearchByGeographicLocationWithOffsetOptionalParameters" time="7.331" classname="org.wso2.carbon.connector.integration.test.yelp.YelpConnectorIntegrationTest"/>
  <testcase name="testYelpSearchByLocationWithSortOptionalParameters" time="1.996" classname="org.wso2.carbon.connector.integration.test.yelp.YelpConnectorIntegrationTest"/>
  <testcase name="testYelpSearchByBoundingBoxWithMandatoryParametersNegativeCase" time="0.654" classname="org.wso2.carbon.connector.integration.test.yelp.YelpConnectorIntegrationTest"/>
  <testcase name="testYelpSearchByBoundingBoxWithDealsFilterOptionalParametersNegativeCase" time="0.633" classname="org.wso2.carbon.connector.integration.test.yelp.YelpConnectorIntegrationTest"/>
  <testcase name="testYelpBusinessWithLangFilterOptionalParameters" time="2.539" classname="org.wso2.carbon.connector.integration.test.yelp.YelpConnectorIntegrationTest"/>
  <testcase name="testYelpSearchByLocationWithOptionalParameters" time="0.819" classname="org.wso2.carbon.connector.integration.test.yelp.YelpConnectorIntegrationTest"/>
  <testcase name="testYelpSearchByLocationWithDealsFilterOptionalParametersNegativeCase" time="0.627" classname="org.wso2.carbon.connector.integration.test.yelp.YelpConnectorIntegrationTest"/>
  <testcase name="testYelpSearchByBoundingBoxWithOffsetOptionalParameters" time="1.277" classname="org.wso2.carbon.connector.integration.test.yelp.YelpConnectorIntegrationTest"/>
  <testcase name="testYelpSearchByGeographicLocationWithDealsFilterOptionalParametersNegativeCase" time="0.627" classname="org.wso2.carbon.connector.integration.test.yelp.YelpConnectorIntegrationTest"/>
</testsuite>
