<?xml version="1.0" encoding="UTF-8" ?>
<testsuite failures="0" time="44.35" errors="0" skipped="0" tests="31" name="TestSuite">
  <properties>
    <property name="java.runtime.name" value="OpenJDK Runtime Environment"/>
    <property name="sun.boot.library.path" value="/usr/lib/jvm/java-7-openjdk-amd64/jre/lib/amd64"/>
    <property name="java.vm.version" value="24.45-b08"/>
    <property name="java.vm.vendor" value="Oracle Corporation"/>
    <property name="java.vendor.url" value="http://java.oracle.com/"/>
    <property name="path.separator" value=":"/>
    <property name="guice.disable.misplaced.annotation.check" value="true"/>
    <property name="java.vm.name" value="OpenJDK 64-Bit Server VM"/>
    <property name="file.encoding.pkg" value="sun.io"/>
    <property name="user.country" value="US"/>
    <property name="sun.java.launcher" value="SUN_STANDARD"/>
    <property name="sun.os.patch.level" value="unknown"/>
    <property name="java.vm.specification.name" value="Java Virtual Machine Specification"/>
    <property name="user.dir" value="/home/ian/Desktop/project_folder_path/foursquare/foursquare-connector/foursquare-connector-1.0.0"/>
    <property name="java.runtime.version" value="1.7.0_51-b00"/>
    <property name="java.awt.graphicsenv" value="sun.awt.X11GraphicsEnvironment"/>
    <property name="java.endorsed.dirs" value="/usr/lib/jvm/java-7-openjdk-amd64/jre/lib/endorsed"/>
    <property name="os.arch" value="amd64"/>
    <property name="java.io.tmpdir" value="/tmp"/>
    <property name="line.separator" value="
"/>
    <property name="java.vm.specification.vendor" value="Oracle Corporation"/>
    <property name="os.name" value="Linux"/>
    <property name="classworlds.conf" value="/usr/share/maven/bin/m2.conf"/>
    <property name="sun.jnu.encoding" value="UTF-8"/>
    <property name="java.library.path" value="/usr/java/packages/lib/amd64:/usr/lib/x86_64-linux-gnu/jni:/lib/x86_64-linux-gnu:/usr/lib/x86_64-linux-gnu:/usr/lib/jni:/lib:/usr/lib"/>
    <property name="java.specification.name" value="Java Platform API Specification"/>
    <property name="java.class.version" value="51.0"/>
    <property name="sun.management.compiler" value="HotSpot 64-Bit Tiered Compilers"/>
    <property name="os.version" value="3.11.0-12-generic"/>
    <property name="user.home" value="/home/ian"/>
    <property name="user.timezone" value="Asia/Colombo"/>
    <property name="java.awt.printerjob" value="sun.print.PSPrinterJob"/>
    <property name="file.encoding" value="UTF-8"/>
    <property name="java.specification.version" value="1.7"/>
    <property name="user.name" value="ian"/>
    <property name="java.class.path" value="/usr/share/maven/boot/plexus-classworlds-2.x.jar"/>
    <property name="java.vm.specification.version" value="1.7"/>
    <property name="sun.arch.data.model" value="64"/>
    <property name="java.home" value="/usr/lib/jvm/java-7-openjdk-amd64/jre"/>
    <property name="sun.java.command" value="org.codehaus.plexus.classworlds.launcher.Launcher clean install"/>
    <property name="java.specification.vendor" value="Oracle Corporation"/>
    <property name="user.language" value="en"/>
    <property name="awt.toolkit" value="sun.awt.X11.XToolkit"/>
    <property name="java.vm.info" value="mixed mode"/>
    <property name="java.version" value="1.7.0_51"/>
    <property name="java.ext.dirs" value="/usr/lib/jvm/java-7-openjdk-amd64/jre/lib/ext:/usr/java/packages/lib/ext"/>
    <property name="securerandom.source" value="file:/dev/./urandom"/>
    <property name="sun.boot.class.path" value="/usr/lib/jvm/java-7-openjdk-amd64/jre/lib/resources.jar:/usr/lib/jvm/java-7-openjdk-amd64/jre/lib/rt.jar:/usr/lib/jvm/java-7-openjdk-amd64/jre/lib/sunrsasign.jar:/usr/lib/jvm/java-7-openjdk-amd64/jre/lib/jsse.jar:/usr/lib/jvm/java-7-openjdk-amd64/jre/lib/jce.jar:/usr/lib/jvm/java-7-openjdk-amd64/jre/lib/charsets.jar:/usr/lib/jvm/java-7-openjdk-amd64/jre/lib/netx.jar:/usr/lib/jvm/java-7-openjdk-amd64/jre/lib/plugin.jar:/usr/lib/jvm/java-7-openjdk-amd64/jre/lib/rhino.jar:/usr/lib/jvm/java-7-openjdk-amd64/jre/lib/jfr.jar:/usr/lib/jvm/java-7-openjdk-amd64/jre/classes"/>
    <property name="java.vendor" value="Oracle Corporation"/>
    <property name="maven.home" value="/usr/share/maven"/>
    <property name="file.separator" value="/"/>
    <property name="java.vendor.url.bug" value="http://bugreport.sun.com/bugreport/"/>
    <property name="sun.cpu.endian" value="little"/>
    <property name="sun.io.unicode.encoding" value="UnicodeLittle"/>
    <property name="sun.desktop" value="gnome"/>
    <property name="sun.cpu.isalist" value=""/>
  </properties>
  <testcase time="3.761" classname="org.wso2.carbon.connector.integration.test.foursquare.FoursquareConnectorIntegrationTest" name="testaddCheckinsWithMandatoryParameters"/>
  <testcase time="0.719" classname="org.wso2.carbon.connector.integration.test.foursquare.FoursquareConnectorIntegrationTest" name="testapproveFriendsWithMandatoryFields"/>
  <testcase time="2.189" classname="org.wso2.carbon.connector.integration.test.foursquare.FoursquareConnectorIntegrationTest" name="testapproveFriendsWithNegativeCase"/>
  <testcase time="0.759" classname="org.wso2.carbon.connector.integration.test.foursquare.FoursquareConnectorIntegrationTest" name="testgetCheckinDetailsNegativeCase"/>
  <testcase time="3.286" classname="org.wso2.carbon.connector.integration.test.foursquare.FoursquareConnectorIntegrationTest" name="testgetCheckinDetailsWithMandatoryFields"/>
  <testcase time="3.213" classname="org.wso2.carbon.connector.integration.test.foursquare.FoursquareConnectorIntegrationTest" name="testgetCheckinDetailsWithOptionalFields"/>
  <testcase time="2.041" classname="org.wso2.carbon.connector.integration.test.foursquare.FoursquareConnectorIntegrationTest" name="testgetCheckinRecentMandatoryParameters"/>
  <testcase time="2.433" classname="org.wso2.carbon.connector.integration.test.foursquare.FoursquareConnectorIntegrationTest" name="testgetUserDetailsWithMandatoryFields"/>
  <testcase time="0.683" classname="org.wso2.carbon.connector.integration.test.foursquare.FoursquareConnectorIntegrationTest" name="testgetUserDetailsWithNegativeCase"/>
  <testcase time="0.447" classname="org.wso2.carbon.connector.integration.test.foursquare.FoursquareConnectorIntegrationTest" name="testunFriendsWithMandatoryFields"/>
  <testcase time="1.157" classname="org.wso2.carbon.connector.integration.test.foursquare.FoursquareConnectorIntegrationTest" name="testunFriendsWithNegativeFields"/>
  <testcase time="0.826" classname="org.wso2.carbon.connector.integration.test.foursquare.FoursquareConnectorIntegrationTest" name="testaddCheckinCommentMandatoryParameters"/>
  <testcase time="0.726" classname="org.wso2.carbon.connector.integration.test.foursquare.FoursquareConnectorIntegrationTest" name="testaddCheckinCommentNegativeParameters"/>
  <testcase time="1.333" classname="org.wso2.carbon.connector.integration.test.foursquare.FoursquareConnectorIntegrationTest" name="testaddCheckinsWithNegativeParameters"/>
  <testcase time="1.667" classname="org.wso2.carbon.connector.integration.test.foursquare.FoursquareConnectorIntegrationTest" name="testdeleteCheckinCommentMandatoryParameters"/>
  <testcase time="1.643" classname="org.wso2.carbon.connector.integration.test.foursquare.FoursquareConnectorIntegrationTest" name="testdeleteCheckinCommentNegativeParameters"/>
  <testcase time="2.942" classname="org.wso2.carbon.connector.integration.test.foursquare.FoursquareConnectorIntegrationTest" name="testgetBadgeDetailsWithMandatoryFields"/>
  <testcase time="0.711" classname="org.wso2.carbon.connector.integration.test.foursquare.FoursquareConnectorIntegrationTest" name="testgetBadgeDetailsWithNegativeCase"/>
  <testcase time="0.749" classname="org.wso2.carbon.connector.integration.test.foursquare.FoursquareConnectorIntegrationTest" name="testgetCheckinRecentNegativeParameters"/>
  <testcase time="2.469" classname="org.wso2.carbon.connector.integration.test.foursquare.FoursquareConnectorIntegrationTest" name="testgetCheckinRecentOptionalParameters"/>
  <testcase time="0.822" classname="org.wso2.carbon.connector.integration.test.foursquare.FoursquareConnectorIntegrationTest" name="testgetFriendDetailsWithMandatoryFields"/>
  <testcase time="0.863" classname="org.wso2.carbon.connector.integration.test.foursquare.FoursquareConnectorIntegrationTest" name="testgetFriendDetailsWithNegativeCase"/>
  <testcase time="0.836" classname="org.wso2.carbon.connector.integration.test.foursquare.FoursquareConnectorIntegrationTest" name="testgetFriendDetailsWithOptionalFields"/>
  <testcase time="1.056" classname="org.wso2.carbon.connector.integration.test.foursquare.FoursquareConnectorIntegrationTest" name="testgetMayorshipDetailsWithMandatoryFields"/>
  <testcase time="0.891" classname="org.wso2.carbon.connector.integration.test.foursquare.FoursquareConnectorIntegrationTest" name="testgetMayorshipDetailsWithNegativeCase"/>
  <testcase time="1.135" classname="org.wso2.carbon.connector.integration.test.foursquare.FoursquareConnectorIntegrationTest" name="testgetTipsDetailsWithMandatoryFields"/>
  <testcase time="0.708" classname="org.wso2.carbon.connector.integration.test.foursquare.FoursquareConnectorIntegrationTest" name="testgetTipsDetailsWithNegativeCase"/>
  <testcase time="1.113" classname="org.wso2.carbon.connector.integration.test.foursquare.FoursquareConnectorIntegrationTest" name="testgetTipsDetailsWithOptionlaFields"/>
  <testcase time="1.468" classname="org.wso2.carbon.connector.integration.test.foursquare.FoursquareConnectorIntegrationTest" name="testgetUserCheckinDetailsWithMandatoryFields"/>
  <testcase time="0.756" classname="org.wso2.carbon.connector.integration.test.foursquare.FoursquareConnectorIntegrationTest" name="testgetUserCheckinsWithNegativeCase"/>
  <testcase time="0.948" classname="org.wso2.carbon.connector.integration.test.foursquare.FoursquareConnectorIntegrationTest" name="testgetUserCheckinsWithOptionalFields"/>
</testsuite>