<?xml version="1.0" encoding="UTF-8" ?>
<testsuite failures="2" time="196.83" errors="0" skipped="0" tests="73" name="TestSuite">
  <properties>
    <property name="java.runtime.name" value="Java(TM) SE Runtime Environment"/>
    <property name="sun.boot.library.path" value="/usr/lib/jvm/java-7-oracle/jre/lib/amd64"/>
    <property name="java.vm.version" value="24.60-b09"/>
    <property name="java.vm.vendor" value="Oracle Corporation"/>
    <property name="java.vendor.url" value="http://java.oracle.com/"/>
    <property name="path.separator" value=":"/>
    <property name="guice.disable.misplaced.annotation.check" value="true"/>
    <property name="java.vm.name" value="Java HotSpot(TM) 64-Bit Server VM"/>
    <property name="file.encoding.pkg" value="sun.io"/>
    <property name="user.country" value="US"/>
    <property name="sun.java.launcher" value="SUN_STANDARD"/>
    <property name="sun.os.patch.level" value="unknown"/>
    <property name="java.vm.specification.name" value="Java Virtual Machine Specification"/>
    <property name="user.dir" value="/home/jarachanthan/jara/doing_project/project/yelp/yelp-connector/yelp-connector-1.0.0"/>
    <property name="java.runtime.version" value="1.7.0_60-b19"/>
    <property name="java.awt.graphicsenv" value="sun.awt.X11GraphicsEnvironment"/>
    <property name="java.endorsed.dirs" value="/usr/lib/jvm/java-7-oracle/jre/lib/endorsed"/>
    <property name="os.arch" value="amd64"/>
    <property name="java.io.tmpdir" value="/tmp"/>
    <property name="line.separator" value="
"/>
    <property name="java.vm.specification.vendor" value="Oracle Corporation"/>
    <property name="os.name" value="Linux"/>
    <property name="classworlds.conf" value="/usr/share/maven/bin/m2.conf"/>
    <property name="sun.jnu.encoding" value="UTF-8"/>
    <property name="java.library.path" value="/usr/java/packages/lib/amd64:/usr/lib64:/lib64:/lib:/usr/lib"/>
    <property name="java.specification.name" value="Java Platform API Specification"/>
    <property name="java.class.version" value="51.0"/>
    <property name="sun.management.compiler" value="HotSpot 64-Bit Tiered Compilers"/>
    <property name="os.version" value="3.13.0-30-generic"/>
    <property name="user.home" value="/home/jarachanthan"/>
    <property name="user.timezone" value="Asia/Colombo"/>
    <property name="java.awt.printerjob" value="sun.print.PSPrinterJob"/>
    <property name="file.encoding" value="UTF-8"/>
    <property name="java.specification.version" value="1.7"/>
    <property name="user.name" value="jarachanthan"/>
    <property name="java.class.path" value="/usr/share/maven/boot/plexus-classworlds-2.x.jar"/>
    <property name="java.vm.specification.version" value="1.7"/>
    <property name="sun.arch.data.model" value="64"/>
    <property name="java.home" value="/usr/lib/jvm/java-7-oracle/jre"/>
    <property name="sun.java.command" value="org.codehaus.plexus.classworlds.launcher.Launcher clean install"/>
    <property name="java.specification.vendor" value="Oracle Corporation"/>
    <property name="user.language" value="en"/>
    <property name="awt.toolkit" value="sun.awt.X11.XToolkit"/>
    <property name="java.vm.info" value="mixed mode"/>
    <property name="java.version" value="1.7.0_60"/>
    <property name="java.ext.dirs" value="/usr/lib/jvm/java-7-oracle/jre/lib/ext:/usr/java/packages/lib/ext"/>
    <property name="securerandom.source" value="file:/dev/./urandom"/>
    <property name="sun.boot.class.path" value="/usr/lib/jvm/java-7-oracle/jre/lib/resources.jar:/usr/lib/jvm/java-7-oracle/jre/lib/rt.jar:/usr/lib/jvm/java-7-oracle/jre/lib/sunrsasign.jar:/usr/lib/jvm/java-7-oracle/jre/lib/jsse.jar:/usr/lib/jvm/java-7-oracle/jre/lib/jce.jar:/usr/lib/jvm/java-7-oracle/jre/lib/charsets.jar:/usr/lib/jvm/java-7-oracle/jre/lib/jfr.jar:/usr/lib/jvm/java-7-oracle/jre/classes"/>
    <property name="java.vendor" value="Oracle Corporation"/>
    <property name="maven.home" value="/usr/share/maven"/>
    <property name="file.separator" value="/"/>
    <property name="java.vendor.url.bug" value="http://bugreport.sun.com/bugreport/"/>
    <property name="sun.cpu.endian" value="little"/>
    <property name="sun.io.unicode.encoding" value="UnicodeLittle"/>
    <property name="sun.desktop" value="gnome"/>
    <property name="sun.cpu.isalist" value=""/>
  </properties>
  <testcase time="16.259" classname="org.wso2.carbon.connector.integration.test.yelp.YelpConnectorIntegrationTest" name="testYelpBusinessWithCountryCodeOptionalParameters"/>
  <testcase time="17.816" classname="org.wso2.carbon.connector.integration.test.yelp.YelpConnectorIntegrationTest" name="testYelpBusinessWithCountryCodeOptionalParametersNegativeCase"/>
  <testcase time="2.54" classname="org.wso2.carbon.connector.integration.test.yelp.YelpConnectorIntegrationTest" name="testYelpBusinessWithLangFilterOptionalParameters"/>
  <testcase time="0.808" classname="org.wso2.carbon.connector.integration.test.yelp.YelpConnectorIntegrationTest" name="testYelpBusinessWithLangFilterOptionalParametersNegativeCase"/>
  <testcase time="15.709" classname="org.wso2.carbon.connector.integration.test.yelp.YelpConnectorIntegrationTest" name="testYelpBusinessWithLanguageOptionalParameters">
    <failure message="JSONObject[&quot;location&quot;] not found." type="org.json.JSONException">org.json.JSONException: JSONObject[&quot;location&quot;] not found.
	at org.json.JSONObject.get(JSONObject.java:498)
	at org.json.JSONObject.getJSONObject(JSONObject.java:592)
	at org.wso2.carbon.connector.integration.test.yelp.YelpConnectorIntegrationTest.testYelpBusinessWithLanguageOptionalParameters(YelpConnectorIntegrationTest.java:1912)
</failure>
    <system-out>[2014-07-03 10:09:46,409]  INFO {org.wso2.carbon.automation.core.PlatformTestManager} -  On test success..
[2014-07-03 10:09:46,410]  INFO {org.wso2.carbon.automation.core.PlatformTestManager} -  Running the test method --- org.wso2.carbon.connector.integration.test.yelp.YelpConnectorIntegrationTest.testYelpBusinessWithLanguageOptionalParameters ----
</system-out>
  </testcase>
  <testcase time="19.677" classname="org.wso2.carbon.connector.integration.test.yelp.YelpConnectorIntegrationTest" name="testYelpBusinessWithLanguageOptionalParametersNegativeCase"/>
  <testcase time="19.015" classname="org.wso2.carbon.connector.integration.test.yelp.YelpConnectorIntegrationTest" name="testYelpBusinessWithMandatoryParameters"/>
  <testcase time="0.639" classname="org.wso2.carbon.connector.integration.test.yelp.YelpConnectorIntegrationTest" name="testYelpBusinessWithMandatoryParametersNegativeCase">
    <failure message="expected:&lt;200&gt; but was:&lt;403&gt;" type="java.lang.AssertionError">java.lang.AssertionError: expected:&lt;200&gt; but was:&lt;403&gt;
	at org.testng.Assert.fail(Assert.java:89)
	at org.testng.Assert.failNotEquals(Assert.java:489)
	at org.testng.Assert.assertEquals(Assert.java:118)
	at org.testng.Assert.assertEquals(Assert.java:365)
	at org.testng.Assert.assertEquals(Assert.java:375)
	at org.wso2.carbon.connector.integration.test.yelp.YelpConnectorIntegrationTest.testYelpBusinessWithMandatoryParametersNegativeCase(YelpConnectorIntegrationTest.java:1992)
</failure>
    <system-out>[2014-07-03 10:10:40,811]  INFO {org.wso2.carbon.automation.core.PlatformTestManager} -  On test success..
[2014-07-03 10:10:40,812]  INFO {org.wso2.carbon.automation.core.PlatformTestManager} -  Running the test method --- org.wso2.carbon.connector.integration.test.yelp.YelpConnectorIntegrationTest.testYelpBusinessWithMandatoryParametersNegativeCase ----
</system-out>
  </testcase>
  <testcase time="2.059" classname="org.wso2.carbon.connector.integration.test.yelp.YelpConnectorIntegrationTest" name="testYelpBusinessWithOptionalParameters"/>
  <testcase time="0.832" classname="org.wso2.carbon.connector.integration.test.yelp.YelpConnectorIntegrationTest" name="testYelpBusinessWithOptionalParametersNegativeCase"/>
  <testcase time="0.793" classname="org.wso2.carbon.connector.integration.test.yelp.YelpConnectorIntegrationTest" name="testYelpSearchByBoundingBoxWithCategoryFilterOptionalParameters"/>
  <testcase time="0.63" classname="org.wso2.carbon.connector.integration.test.yelp.YelpConnectorIntegrationTest" name="testYelpSearchByBoundingBoxWithCategoryFilterOptionalParametersNegativeCase"/>
  <testcase time="2.442" classname="org.wso2.carbon.connector.integration.test.yelp.YelpConnectorIntegrationTest" name="testYelpSearchByBoundingBoxWithCountryCodeOptionalParameters"/>
  <testcase time="1.874" classname="org.wso2.carbon.connector.integration.test.yelp.YelpConnectorIntegrationTest" name="testYelpSearchByBoundingBoxWithCountryCodeOptionalParametersNegativeCase"/>
  <testcase time="3.14" classname="org.wso2.carbon.connector.integration.test.yelp.YelpConnectorIntegrationTest" name="testYelpSearchByBoundingBoxWithDealsFilterOptionalParameters"/>
  <testcase time="0.633" classname="org.wso2.carbon.connector.integration.test.yelp.YelpConnectorIntegrationTest" name="testYelpSearchByBoundingBoxWithDealsFilterOptionalParametersNegativeCase"/>
  <testcase time="1.343" classname="org.wso2.carbon.connector.integration.test.yelp.YelpConnectorIntegrationTest" name="testYelpSearchByBoundingBoxWithLanguageOptionalParameters"/>
  <testcase time="1.264" classname="org.wso2.carbon.connector.integration.test.yelp.YelpConnectorIntegrationTest" name="testYelpSearchByBoundingBoxWithLanguageOptionalParametersNegativeCase"/>
  <testcase time="0.85" classname="org.wso2.carbon.connector.integration.test.yelp.YelpConnectorIntegrationTest" name="testYelpSearchByBoundingBoxWithLimitOptionalParameters"/>
  <testcase time="0.644" classname="org.wso2.carbon.connector.integration.test.yelp.YelpConnectorIntegrationTest" name="testYelpSearchByBoundingBoxWithLimitOptionalParametersNegativeCase"/>
  <testcase time="1.45" classname="org.wso2.carbon.connector.integration.test.yelp.YelpConnectorIntegrationTest" name="testYelpSearchByBoundingBoxWithMandatoryParameters"/>
  <testcase time="0.654" classname="org.wso2.carbon.connector.integration.test.yelp.YelpConnectorIntegrationTest" name="testYelpSearchByBoundingBoxWithMandatoryParametersNegativeCase"/>
  <testcase time="1.277" classname="org.wso2.carbon.connector.integration.test.yelp.YelpConnectorIntegrationTest" name="testYelpSearchByBoundingBoxWithOffsetOptionalParameters"/>
  <testcase time="0.647" classname="org.wso2.carbon.connector.integration.test.yelp.YelpConnectorIntegrationTest" name="testYelpSearchByBoundingBoxWithOffsetOptionalParametersNegativeCase"/>
  <testcase time="1.209" classname="org.wso2.carbon.connector.integration.test.yelp.YelpConnectorIntegrationTest" name="testYelpSearchByBoundingBoxWithRadiusFilterOptionalParameters"/>
  <testcase time="0.639" classname="org.wso2.carbon.connector.integration.test.yelp.YelpConnectorIntegrationTest" name="testYelpSearchByBoundingBoxWithRadiusFilterOptionalParametersNegativeCase"/>
  <testcase time="1.192" classname="org.wso2.carbon.connector.integration.test.yelp.YelpConnectorIntegrationTest" name="testYelpSearchByBoundingBoxWithSortOptionalParameters"/>
  <testcase time="0.626" classname="org.wso2.carbon.connector.integration.test.yelp.YelpConnectorIntegrationTest" name="testYelpSearchByBoundingBoxWithSortOptionalParametersNegativeCase"/>
  <testcase time="0.854" classname="org.wso2.carbon.connector.integration.test.yelp.YelpConnectorIntegrationTest" name="testYelpSearchByBoundingBoxWithTermOptionalParameters"/>
  <testcase time="0.756" classname="org.wso2.carbon.connector.integration.test.yelp.YelpConnectorIntegrationTest" name="testYelpSearchByBoundingBoxWithTermOptionalParametersNegativeCase"/>
  <testcase time="0.747" classname="org.wso2.carbon.connector.integration.test.yelp.YelpConnectorIntegrationTest" name="testYelpSearchByGeographicLocationWithCategoryFilterOptionalParameters"/>
  <testcase time="0.62" classname="org.wso2.carbon.connector.integration.test.yelp.YelpConnectorIntegrationTest" name="testYelpSearchByGeographicLocationWithCategoryFilterOptionalParametersNegativeCase"/>
  <testcase time="2.129" classname="org.wso2.carbon.connector.integration.test.yelp.YelpConnectorIntegrationTest" name="testYelpSearchByGeographicLocationWithCountryCodeOptionalParameters"/>
  <testcase time="2.151" classname="org.wso2.carbon.connector.integration.test.yelp.YelpConnectorIntegrationTest" name="testYelpSearchByGeographicLocationWithCountryCodeOptionalParametersNegativeCase"/>
  <testcase time="2.967" classname="org.wso2.carbon.connector.integration.test.yelp.YelpConnectorIntegrationTest" name="testYelpSearchByGeographicLocationWithDealsFilterOptionalParameters"/>
  <testcase time="0.627" classname="org.wso2.carbon.connector.integration.test.yelp.YelpConnectorIntegrationTest" name="testYelpSearchByGeographicLocationWithDealsFilterOptionalParametersNegativeCase"/>
  <testcase time="2.53" classname="org.wso2.carbon.connector.integration.test.yelp.YelpConnectorIntegrationTest" name="testYelpSearchByGeographicLocationWithLanguageOptionalParameters"/>
  <testcase time="2.195" classname="org.wso2.carbon.connector.integration.test.yelp.YelpConnectorIntegrationTest" name="testYelpSearchByGeographicLocationWithLanguageOptionalParametersNegativeCase"/>
  <testcase time="0.85" classname="org.wso2.carbon.connector.integration.test.yelp.YelpConnectorIntegrationTest" name="testYelpSearchByGeographicLocationWithLimitOptionalParameters"/>
  <testcase time="0.636" classname="org.wso2.carbon.connector.integration.test.yelp.YelpConnectorIntegrationTest" name="testYelpSearchByGeographicLocationWithLimitOptionalParametersNegativeCase"/>
  <testcase time="3.564" classname="org.wso2.carbon.connector.integration.test.yelp.YelpConnectorIntegrationTest" name="testYelpSearchByGeographicLocationWithMandatoryOptionalParameters"/>
  <testcase time="2.672" classname="org.wso2.carbon.connector.integration.test.yelp.YelpConnectorIntegrationTest" name="testYelpSearchByGeographicLocationWithMandatoryOptionalParametersNegativeCase"/>
  <testcase time="2.379" classname="org.wso2.carbon.connector.integration.test.yelp.YelpConnectorIntegrationTest" name="testYelpSearchByGeographicLocationWithMandatoryParameters"/>
  <testcase time="0.666" classname="org.wso2.carbon.connector.integration.test.yelp.YelpConnectorIntegrationTest" name="testYelpSearchByGeographicLocationWithMandatoryParametersNegativeCase"/>
  <testcase time="7.331" classname="org.wso2.carbon.connector.integration.test.yelp.YelpConnectorIntegrationTest" name="testYelpSearchByGeographicLocationWithOffsetOptionalParameters"/>
  <testcase time="0.631" classname="org.wso2.carbon.connector.integration.test.yelp.YelpConnectorIntegrationTest" name="testYelpSearchByGeographicLocationWithOffsetOptionalParametersNegativeCase"/>
  <testcase time="2.572" classname="org.wso2.carbon.connector.integration.test.yelp.YelpConnectorIntegrationTest" name="testYelpSearchByGeographicLocationWithRadiusFilterOptionalParameters"/>
  <testcase time="0.639" classname="org.wso2.carbon.connector.integration.test.yelp.YelpConnectorIntegrationTest" name="testYelpSearchByGeographicLocationWithRadiusFilterOptionalParametersNegativeCase"/>
  <testcase time="2.398" classname="org.wso2.carbon.connector.integration.test.yelp.YelpConnectorIntegrationTest" name="testYelpSearchByGeographicLocationWithSortOptionalParameters"/>
  <testcase time="0.625" classname="org.wso2.carbon.connector.integration.test.yelp.YelpConnectorIntegrationTest" name="testYelpSearchByGeographicLocationWithSortOptionalParametersNegativeCase"/>
  <testcase time="1.073" classname="org.wso2.carbon.connector.integration.test.yelp.YelpConnectorIntegrationTest" name="testYelpSearchByGeographicLocationWithTermOptionalParameters"/>
  <testcase time="0.891" classname="org.wso2.carbon.connector.integration.test.yelp.YelpConnectorIntegrationTest" name="testYelpSearchByGeographicLocationWithTermOptionalParametersNegativeCase"/>
  <testcase time="0.79" classname="org.wso2.carbon.connector.integration.test.yelp.YelpConnectorIntegrationTest" name="testYelpSearchByLocationWithCategoryFilterOptionalParameters"/>
  <testcase time="0.624" classname="org.wso2.carbon.connector.integration.test.yelp.YelpConnectorIntegrationTest" name="testYelpSearchByLocationWithCategoryFilterOptionalParametersNegativeCase"/>
  <testcase time="1.629" classname="org.wso2.carbon.connector.integration.test.yelp.YelpConnectorIntegrationTest" name="testYelpSearchByLocationWithCountryCodeOptionalParameters"/>
  <testcase time="1.612" classname="org.wso2.carbon.connector.integration.test.yelp.YelpConnectorIntegrationTest" name="testYelpSearchByLocationWithCountryCodeOptionalParametersNegativeCase"/>
  <testcase time="2.334" classname="org.wso2.carbon.connector.integration.test.yelp.YelpConnectorIntegrationTest" name="testYelpSearchByLocationWithDealsFilterOptionalParameters"/>
  <testcase time="0.628" classname="org.wso2.carbon.connector.integration.test.yelp.YelpConnectorIntegrationTest" name="testYelpSearchByLocationWithDealsFilterOptionalParametersNegativeCase"/>
  <testcase time="1.329" classname="org.wso2.carbon.connector.integration.test.yelp.YelpConnectorIntegrationTest" name="testYelpSearchByLocationWithLanguageOptionalParameters"/>
  <testcase time="8.169" classname="org.wso2.carbon.connector.integration.test.yelp.YelpConnectorIntegrationTest" name="testYelpSearchByLocationWithLanguageOptionalParametersNegativeCase"/>
  <testcase time="1.687" classname="org.wso2.carbon.connector.integration.test.yelp.YelpConnectorIntegrationTest" name="testYelpSearchByLocationWithLimitOptionalParameters"/>
  <testcase time="0.64" classname="org.wso2.carbon.connector.integration.test.yelp.YelpConnectorIntegrationTest" name="testYelpSearchByLocationWithLimitOptionalParametersNegativeCase"/>
  <testcase time="0.667" classname="org.wso2.carbon.connector.integration.test.yelp.YelpConnectorIntegrationTest" name="testYelpSearchByLocationWithMandatoryParametersNegativeCase"/>
  <testcase time="4.983" classname="org.wso2.carbon.connector.integration.test.yelp.YelpConnectorIntegrationTest" name="testYelpSearchByLocationWithOffsetOptionalParameters"/>
  <testcase time="0.619" classname="org.wso2.carbon.connector.integration.test.yelp.YelpConnectorIntegrationTest" name="testYelpSearchByLocationWithOffsetOptionalParametersNegativeCase"/>
  <testcase time="0.82" classname="org.wso2.carbon.connector.integration.test.yelp.YelpConnectorIntegrationTest" name="testYelpSearchByLocationWithOptionalParameters"/>
  <testcase time="2.762" classname="org.wso2.carbon.connector.integration.test.yelp.YelpConnectorIntegrationTest" name="testYelpSearchByLocationWithRadiusFilterOptionalParameters"/>
  <testcase time="0.622" classname="org.wso2.carbon.connector.integration.test.yelp.YelpConnectorIntegrationTest" name="testYelpSearchByLocationWithRadiusFilterOptionalParametersNegativeCase"/>
  <testcase time="1.997" classname="org.wso2.carbon.connector.integration.test.yelp.YelpConnectorIntegrationTest" name="testYelpSearchByLocationWithSortOptionalParameters"/>
  <testcase time="0.62" classname="org.wso2.carbon.connector.integration.test.yelp.YelpConnectorIntegrationTest" name="testYelpSearchByLocationWithSortOptionalParametersNegativeCase"/>
  <testcase time="1.903" classname="org.wso2.carbon.connector.integration.test.yelp.YelpConnectorIntegrationTest" name="testYelpSearchByLocationWithTermOptionalParameters"/>
  <testcase time="0.832" classname="org.wso2.carbon.connector.integration.test.yelp.YelpConnectorIntegrationTest" name="testYelpSearchByLocationWithTermOptionalParametersNegativeCase"/>
  <testcase time="2.399" classname="org.wso2.carbon.connector.integration.test.yelp.YelpConnectorIntegrationTest" name="testYelpSearchByLocationWithMandatoryParameters"/>
</testsuite>