<?xml version="1.0" encoding="UTF-8"?>
<!-- Generated by org.testng.reporters.JUnitReportReporter -->
<testsuite hostname="ian-TECRA-M11" name="org.wso2.carbon.connector.integration.test.foursquare.FoursquareConnectorIntegrationTest" tests="31" failures="0" timestamp="7 Jul 2014 08:24:25 GMT" time="44.351" errors="0">
  <testcase name="testdeleteCheckinCommentNegativeParameters" time="1.644" classname="org.wso2.carbon.connector.integration.test.foursquare.FoursquareConnectorIntegrationTest"/>
  <testcase name="testgetMayorshipDetailsWithMandatoryFields" time="1.055" classname="org.wso2.carbon.connector.integration.test.foursquare.FoursquareConnectorIntegrationTest"/>
  <testcase name="testaddCheckinsWithNegativeParameters" time="1.333" classname="org.wso2.carbon.connector.integration.test.foursquare.FoursquareConnectorIntegrationTest"/>
  <testcase name="testgetFriendDetailsWithNegativeCase" time="0.863" classname="org.wso2.carbon.connector.integration.test.foursquare.FoursquareConnectorIntegrationTest"/>
  <testcase name="testgetBadgeDetailsWithMandatoryFields" time="2.942" classname="org.wso2.carbon.connector.integration.test.foursquare.FoursquareConnectorIntegrationTest"/>
  <testcase name="testgetUserDetailsWithNegativeCase" time="0.683" classname="org.wso2.carbon.connector.integration.test.foursquare.FoursquareConnectorIntegrationTest"/>
  <testcase name="testdeleteCheckinCommentMandatoryParameters" time="1.667" classname="org.wso2.carbon.connector.integration.test.foursquare.FoursquareConnectorIntegrationTest"/>
  <testcase name="testgetCheckinRecentMandatoryParameters" time="2.041" classname="org.wso2.carbon.connector.integration.test.foursquare.FoursquareConnectorIntegrationTest"/>
  <testcase name="testapproveFriendsWithNegativeCase" time="2.189" classname="org.wso2.carbon.connector.integration.test.foursquare.FoursquareConnectorIntegrationTest"/>
  <testcase name="testgetCheckinRecentNegativeParameters" time="0.750" classname="org.wso2.carbon.connector.integration.test.foursquare.FoursquareConnectorIntegrationTest"/>
  <testcase name="testgetBadgeDetailsWithNegativeCase" time="0.711" classname="org.wso2.carbon.connector.integration.test.foursquare.FoursquareConnectorIntegrationTest"/>
  <testcase name="testunFriendsWithMandatoryFields" time="0.448" classname="org.wso2.carbon.connector.integration.test.foursquare.FoursquareConnectorIntegrationTest"/>
  <testcase name="testaddCheckinsWithMandatoryParameters" time="3.760" classname="org.wso2.carbon.connector.integration.test.foursquare.FoursquareConnectorIntegrationTest"/>
  <testcase name="testgetFriendDetailsWithMandatoryFields" time="0.821" classname="org.wso2.carbon.connector.integration.test.foursquare.FoursquareConnectorIntegrationTest"/>
  <testcase name="testgetCheckinDetailsNegativeCase" time="0.759" classname="org.wso2.carbon.connector.integration.test.foursquare.FoursquareConnectorIntegrationTest"/>
  <testcase name="testgetFriendDetailsWithOptionalFields" time="0.836" classname="org.wso2.carbon.connector.integration.test.foursquare.FoursquareConnectorIntegrationTest"/>
  <testcase name="testgetUserCheckinsWithNegativeCase" time="0.755" classname="org.wso2.carbon.connector.integration.test.foursquare.FoursquareConnectorIntegrationTest"/>
  <testcase name="testaddCheckinCommentMandatoryParameters" time="0.827" classname="org.wso2.carbon.connector.integration.test.foursquare.FoursquareConnectorIntegrationTest"/>
  <testcase name="testapproveFriendsWithMandatoryFields" time="0.721" classname="org.wso2.carbon.connector.integration.test.foursquare.FoursquareConnectorIntegrationTest"/>
  <testcase name="testgetTipsDetailsWithOptionlaFields" time="1.112" classname="org.wso2.carbon.connector.integration.test.foursquare.FoursquareConnectorIntegrationTest"/>
  <testcase name="testgetMayorshipDetailsWithNegativeCase" time="0.891" classname="org.wso2.carbon.connector.integration.test.foursquare.FoursquareConnectorIntegrationTest"/>
  <testcase name="testgetUserCheckinDetailsWithMandatoryFields" time="1.468" classname="org.wso2.carbon.connector.integration.test.foursquare.FoursquareConnectorIntegrationTest"/>
  <testcase name="testgetTipsDetailsWithMandatoryFields" time="1.134" classname="org.wso2.carbon.connector.integration.test.foursquare.FoursquareConnectorIntegrationTest"/>
  <testcase name="testgetCheckinDetailsWithOptionalFields" time="3.214" classname="org.wso2.carbon.connector.integration.test.foursquare.FoursquareConnectorIntegrationTest"/>
  <testcase name="testgetTipsDetailsWithNegativeCase" time="0.708" classname="org.wso2.carbon.connector.integration.test.foursquare.FoursquareConnectorIntegrationTest"/>
  <testcase name="testunFriendsWithNegativeFields" time="1.157" classname="org.wso2.carbon.connector.integration.test.foursquare.FoursquareConnectorIntegrationTest"/>
  <testcase name="testaddCheckinCommentNegativeParameters" time="0.725" classname="org.wso2.carbon.connector.integration.test.foursquare.FoursquareConnectorIntegrationTest"/>
  <testcase name="testgetCheckinRecentOptionalParameters" time="2.469" classname="org.wso2.carbon.connector.integration.test.foursquare.FoursquareConnectorIntegrationTest"/>
  <testcase name="testgetCheckinDetailsWithMandatoryFields" time="3.286" classname="org.wso2.carbon.connector.integration.test.foursquare.FoursquareConnectorIntegrationTest"/>
  <testcase name="testgetUserDetailsWithMandatoryFields" time="2.434" classname="org.wso2.carbon.connector.integration.test.foursquare.FoursquareConnectorIntegrationTest"/>
  <testcase name="testgetUserCheckinsWithOptionalFields" time="0.948" classname="org.wso2.carbon.connector.integration.test.foursquare.FoursquareConnectorIntegrationTest"/>
</testsuite>
